C51 COMPILER V9.59.0.0   BSP_LED                                                           01/23/2019 10:43:55 PAGE 1   


C51 COMPILER V9.59.0.0, COMPILATION OF MODULE BSP_LED
OBJECT MODULE PLACED IN .\Objects\bsp_led.obj
COMPILER INVOKED BY: E:\MDK\C51\BIN\C51.EXE ..\bsp\bsp_led.c OPTIMIZE(8,SPEED) BROWSE INCDIR(..\bsp;..\lib;..\TimeOut;..
                    -\user;..\bsp\key) DEBUG OBJECTEXTEND PRINT(.\Listings\bsp_led.lst) TABS(7) OBJECT(.\Objects\bsp_led.obj)

line level    source

   1          #include "bsp_led.h"
   2          
   3          LED_PARA_T   Led_Para[LED_NUM];
   4          
   5          unsigned char Led_Init(unsigned char id)
   6          {
   7   1          if(id > LED_NUM)
   8   1              return LED_ERROR;
   9   1          if(id == 0)
  10   1          {
  11   2              //P0CON |= 0X02;
  12   2              //P0PH  &= ~0X02;
  13   2              return LED_SUCCESS;
  14   2          }
  15   1          else if(id == 1)
  16   1          {
  17   2              P0CON |= 0X01;
  18   2              P0PH  &= ~0X01;
  19   2              LED_SET(0);
  20   2              return LED_SUCCESS;
  21   2          }
  22   1          return LED_ERROR;
  23   1      }
  24          
  25          unsigned char Led_App_Init(LED_PARA_T *P)
  26          {
  27   1          unsigned char Led_Init(unsigned char ID);
  28   1          return Led_Init(P->ID);
  29   1      }
  30          
  31          
  32          unsigned char Led_App_Handle(unsigned char sum)
  33          {
  34   1          static unsigned char i;
  35   1          if(sum > LED_NUM)
  36   1             return LED_ERROR;
  37   1          for(i = 0; i < sum; i ++)
  38   1          {
  39   2             Led_Para[i].ID = i;
  40   2             Led_App_Init(&Led_Para[i]);       
  41   2          }
  42   1          if(i != sum)
  43   1          {
  44   2              return LED_ERROR;
  45   2          }
  46   1          else
  47   1          {
  48   2              return LED_SUCCESS;
  49   2          }   
  50   1      }
  51          
  52          
  53          
  54          
C51 COMPILER V9.59.0.0   BSP_LED                                                           01/23/2019 10:43:55 PAGE 2   

  55          
  56          


MODULE INFORMATION:   STATIC OVERLAYABLE
   CODE SIZE        =    106    ----
   CONSTANT SIZE    =   ----    ----
   XDATA SIZE       =   ----    ----
   PDATA SIZE       =   ----    ----
   DATA SIZE        =      3       1
   IDATA SIZE       =   ----    ----
   BIT SIZE         =   ----    ----
END OF MODULE INFORMATION.


C51 COMPILATION COMPLETE.  0 WARNING(S),  0 ERROR(S)
