C51 COMPILER V9.01   DISPLAY                                                               01/07/2015 09:14:13 PAGE 1   


C51 COMPILER V9.01, COMPILATION OF MODULE DISPLAY
OBJECT MODULE PLACED IN .\obj\display.obj
COMPILER INVOKED BY: C:\Keil\C51\BIN\C51.EXE display.c BROWSE DEBUG OBJECTEXTEND PRINT(.\lst\display.lst) OBJECT(.\obj\d
                    -isplay.obj)

line level    source

   1          #include        "h\SC91F831_C.h"
   2          #include        "lib\SensorMethod.h"       //包含touchkey外部调用接口函数
   3          #include        "config.h"
   4          #include        "display.h"


MODULE INFORMATION:   STATIC OVERLAYABLE
   CODE SIZE        =   ----    ----
   CONSTANT SIZE    =   ----    ----
   XDATA SIZE       =   ----    ----
   PDATA SIZE       =   ----    ----
   DATA SIZE        =   ----    ----
   IDATA SIZE       =   ----    ----
   BIT SIZE         =   ----    ----
END OF MODULE INFORMATION.


C51 COMPILATION COMPLETE.  0 WARNING(S),  0 ERROR(S)
