C51 COMPILER V9.59.0.0   INIT                                                              12/18/2018 10:19:22 PAGE 1   


C51 COMPILER V9.59.0.0, COMPILATION OF MODULE INIT
OBJECT MODULE PLACED IN .\obj\init.obj
COMPILER INVOKED BY: E:\MDK\C51\BIN\C51.EXE init.c OPTIMIZE(8,SPEED) BROWSE DEBUG OBJECTEXTEND PRINT(.\lst\init.lst) OBJ
                    -ECT(.\obj\init.obj)

line level    source

   1          #include        "h\SC91F831_C.h"
   2          #include        "lib\SensorMethod.h"       //包含touchkey外部调用接口函数
   3          #include        "config.h"
   4          #include        "init.h"
   5          #include    "intrins.h"
   6          
   7          void GPIO_init()
   8          {
   9   1              IO_SENDER_MODE;
  10   1              IO_SWITCH_MODE;
  11   1              IO_SWITCH_LIGHT_MODE;
  12   1              IO_LED_LIGHT_MODE;
  13   1              IO_LED_PUSHRODA_H_MODE;
  14   1              IO_LED_PUSHRODA_L_MODE;
  15   1              IO_LED_MASSAGE_MODE;
  16   1              IO_LED_COLD_MODE;
  17   1      
  18   1              SENDER_WRITE_1;
  19   1              LED_SWITCH_OFF;
  20   1              LED_LIGHT_OFF;
  21   1              LED_PUSHRODA_H_OFF;
  22   1              LED_PUSHRODA_L_OFF;
  23   1              LED_MASSAGE_OFF;
  24   1              LED_COLD_OFF;
  25   1      }
  26          
  27          void Time1_init()
  28          {
  29   1         TMOD|=0x10;                          //16位定时Timer1
  30   1         TMCON|=0x02;                         //10--Fosc/4;00--Fosc/12        
  31   1         TH1=(65535-1000)/256;    //Fosc/4;1000= 1/4M*1000=0.25ms;
  32   1         TL1=(65535-1000)%256;
  33   1         TR1=0;                                       //定时器T1的运行控制位。打开timer1前，先清TR1
  34   1         ET1=1;
  35   1         TR1=1;
  36   1      }
  37          


MODULE INFORMATION:   STATIC OVERLAYABLE
   CODE SIZE        =     82    ----
   CONSTANT SIZE    =   ----    ----
   XDATA SIZE       =   ----    ----
   PDATA SIZE       =   ----    ----
   DATA SIZE        =   ----    ----
   IDATA SIZE       =   ----    ----
   BIT SIZE         =   ----    ----
END OF MODULE INFORMATION.


C51 COMPILATION COMPLETE.  0 WARNING(S),  0 ERROR(S)
