C51 COMPILER V9.59.0.0   BSP_PUSHROD_DIRECTION                                             12/05/2018 11:48:33 PAGE 1   


C51 COMPILER V9.59.0.0, COMPILATION OF MODULE BSP_PUSHROD_DIRECTION
OBJECT MODULE PLACED IN .\Objects\bsp_pushrod_direction.obj
COMPILER INVOKED BY: E:\MDK\C51\BIN\C51.EXE ..\bsp\bsp_pushrod_direction.c OPTIMIZE(8,SPEED) BROWSE INCDIR(..\bsp;..\lib
                    -;..\TimeOut;..\user;..\bsp\key) DEBUG OBJECTEXTEND PRINT(.\Listings\bsp_pushrod_direction.lst) OBJECT(.\Objects\bsp_push
                    -rod_direction.obj)

line level    source

   1          #include "bsp_pushrod_direction.h"
   2          
   3          
   4          
   5          
   6          
   7          
   8          void Push_Temp_Direction(void)
   9          {
  10   1              P1CON &= ~0X01;
  11   1                      P1PH  |= 0X01;
  12   1      }
  13          
  14          
  15          
  16          
  17          
  18          


MODULE INFORMATION:   STATIC OVERLAYABLE
   CODE SIZE        =      7    ----
   CONSTANT SIZE    =   ----    ----
   XDATA SIZE       =   ----    ----
   PDATA SIZE       =   ----    ----
   DATA SIZE        =   ----    ----
   IDATA SIZE       =   ----    ----
   BIT SIZE         =   ----    ----
END OF MODULE INFORMATION.


C51 COMPILATION COMPLETE.  0 WARNING(S),  0 ERROR(S)
