C51 COMPILER V9.59.0.0   MAIN                                                              12/05/2018 11:48:14 PAGE 1   


C51 COMPILER V9.59.0.0, COMPILATION OF MODULE MAIN
OBJECT MODULE PLACED IN .\Objects\main.obj
COMPILER INVOKED BY: E:\MDK\C51\BIN\C51.EXE ..\user\main.c OPTIMIZE(8,SPEED) BROWSE INCDIR(..\bsp;..\lib;..\TimeOut;..\u
                    -ser;..\bsp\key) DEBUG OBJECTEXTEND PRINT(.\Listings\main.lst) OBJECT(.\Objects\main.obj)

line level    source

   1          #include "system.h"
   2          
   3          
   4          
   5          
   6          void main(void)
   7          {
   8   1          System_Init();
   9   1          while(1)
  10   1          {
  11   2              System_Handle();
  12   2          }
  13   1      }
  14          


MODULE INFORMATION:   STATIC OVERLAYABLE
   CODE SIZE        =      8    ----
   CONSTANT SIZE    =   ----    ----
   XDATA SIZE       =   ----    ----
   PDATA SIZE       =   ----    ----
   DATA SIZE        =   ----    ----
   IDATA SIZE       =   ----    ----
   BIT SIZE         =   ----    ----
END OF MODULE INFORMATION.


C51 COMPILATION COMPLETE.  0 WARNING(S),  0 ERROR(S)
