C51 COMPILER V9.59.0.0   BSP_TIMER                                                         11/29/2018 17:50:52 PAGE 1   


C51 COMPILER V9.59.0.0, COMPILATION OF MODULE BSP_TIMER
OBJECT MODULE PLACED IN .\Objects\bsp_timer.obj
COMPILER INVOKED BY: E:\MDK\C51\BIN\C51.EXE ..\bsp\bsp_timer.c OPTIMIZE(8,SPEED) BROWSE INCDIR(..\lib;..\user;..\bsp;..\
                    -Time_Out) DEBUG OBJECTEXTEND PRINT(.\Listings\bsp_timer.lst) OBJECT(.\Objects\bsp_timer.obj)

line level    source

   1          #include "bsp_timer.h"
   2          
   3                  /*****************************************************
   4                  *函数名称：void Timer_Init(void)
   5                  *函数功能：T0/T1/T2初始化
   6                  *入口参数：void
   7                  *出口参数：void
   8                  *****************************************************/
   9          void Timer_Init(void)
  10          {
  11   1                      TMCON = 0X07;    //------111 ;Timer0、Tiemr1和Tiemr2选择时钟Fsys
  12   1                      
  13   1                      //T0设置
  14   1                      TMOD |= 0x01;                 //0000 0001;Timer0设置工作方式1
  15   1                      TL0 = (65536 - 5900)%256;    //溢出时间：时钟为Fsys，则16000*（1/Fsys）=1ms;
  16   1                      TH0 = (65536 - 5900)/256;
  17   1                      TR0 = 0;
  18   1                      ET0 = 1;//定时器0允许
  19   1                      TR0 = 1;//打开定时器0
  20   1                      //T1设置
  21   1                      TMOD |= 0x20;            //0010 0000;Timer1设置工作方式2
  22   1                      TL1 = 256 - 160;   //溢出时间：时钟为Fsys，则160*（1/Fsys）=10us;
  23   1                      TH1 = 256 - 160;
  24   1                      TR1 = 0;
  25   1                      ET1 = 1;//定时器1允许
  26   1                      TR1 = 1;//打开定时器1
  27   1                      //T2设置
  28   1                      T2CON = 0x00;    //设置为16位重载寄存器
  29   1                      RCAP2H = (65536-32000)/256;     //溢出时间：时钟为Fsys，则32000*（1/Fsys）=2ms;
  30   1                      RCAP2L = (65536-32000)%256;
  31   1                      TR2 = 0;
  32   1                      ET2 = 1;//定时器2允许
  33   1                      TR2 = 1;//打开定时器2           
  34   1      }
  35          
  36          
  37          
  38          
  39          


MODULE INFORMATION:   STATIC OVERLAYABLE
   CODE SIZE        =     48    ----
   CONSTANT SIZE    =   ----    ----
   XDATA SIZE       =   ----    ----
   PDATA SIZE       =   ----    ----
   DATA SIZE        =   ----    ----
   IDATA SIZE       =   ----    ----
   BIT SIZE         =   ----    ----
END OF MODULE INFORMATION.


C51 COMPILATION COMPLETE.  0 WARNING(S),  0 ERROR(S)
