C51 COMPILER V9.59.0.0   MAIN                                                              11/29/2018 18:01:54 PAGE 1   


C51 COMPILER V9.59.0.0, COMPILATION OF MODULE MAIN
OBJECT MODULE PLACED IN .\Objects\main.obj
COMPILER INVOKED BY: E:\MDK\C51\BIN\C51.EXE ..\user\main.c OPTIMIZE(8,SPEED) BROWSE INCDIR(..\lib;..\user;..\bsp;..\Time
                    -_Out) DEBUG OBJECTEXTEND PRINT(.\Listings\main.lst) OBJECT(.\Objects\main.obj)

line level    source

   1          #include "system.h"
   2          
   3          void main(void)
   4          {
   5   1              System_Init();
   6   1              while(1)
   7   1              {
   8   2                      System_Handle();
   9   2              }
  10   1      }
  11          


MODULE INFORMATION:   STATIC OVERLAYABLE
   CODE SIZE        =      8    ----
   CONSTANT SIZE    =   ----    ----
   XDATA SIZE       =   ----    ----
   PDATA SIZE       =   ----    ----
   DATA SIZE        =   ----    ----
   IDATA SIZE       =   ----    ----
   BIT SIZE         =   ----    ----
END OF MODULE INFORMATION.


C51 COMPILATION COMPLETE.  0 WARNING(S),  0 ERROR(S)
