C51 COMPILER V9.00   KEY                                                                   02/03/2018 12:53:06 PAGE 1   


C51 COMPILER V9.00, COMPILATION OF MODULE KEY
OBJECT MODULE PLACED IN .\obj\key.obj
COMPILER INVOKED BY: D:\keil\C51\BIN\C51.EXE C\key.c BROWSE INCDIR(.\H;.\lib) DEBUG OBJECTEXTEND PRINT(.\lst\key.lst) OB
                    -JECT(.\obj\key.obj)

line level    source

   1          #include "h\key.h"
   2          
   3          
   4          
   5          void KeyFunction(void)
   6          {
   7   1         
   8   1      }
   9          
  10          
  11          
  12          
  13          
  14          
  15          
  16          
  17          
  18          
  19          
  20          
  21          
  22          
  23          
  24          
  25          
  26          
  27          
  28          


MODULE INFORMATION:   STATIC OVERLAYABLE
   CODE SIZE        =      1    ----
   CONSTANT SIZE    =   ----    ----
   XDATA SIZE       =   ----    ----
   PDATA SIZE       =   ----    ----
   DATA SIZE        =   ----    ----
   IDATA SIZE       =   ----    ----
   BIT SIZE         =   ----    ----
END OF MODULE INFORMATION.


C51 COMPILATION COMPLETE.  0 WARNING(S),  0 ERROR(S)
