C51 COMPILER V9.59.0.0   BSP_KEY                                                           09/26/2018 10:43:21 PAGE 1   


C51 COMPILER V9.59.0.0, COMPILATION OF MODULE BSP_KEY
OBJECT MODULE PLACED IN .\Objects\bsp_key.obj
COMPILER INVOKED BY: D:\keil4\C51\BIN\C51.EXE ..\bsp\bsp_key.c OPTIMIZE(8,SPEED) BROWSE INCDIR(..\lib;..\user;..\bsp;..\
                    -Time_Out) DEBUG OBJECTEXTEND PRINT(.\Listings\bsp_key.lst) TABS(2) OBJECT(.\Objects\bsp_key.obj)

line level    source

   1          #include "bsp_key.h"
   2          
   3          
   4          void Key_Init(void)
   5          {
   6   1        P1CON &= ~0X30;
   7   1        P1PH  |= 0X30;     //设置P14,P15带上拉输入
   8   1        P2CON &= ~0X73;
   9   1        P2PH  |= 0X73;     //设置P20,P21P24,P25,P26带上拉输入  
  10   1      }
  11          
  12          void BackCall_Key(void (*ptr)())
  13          {
  14   1        (*ptr)();
  15   1      }
  16          
  17          
  18          


MODULE INFORMATION:   STATIC OVERLAYABLE
   CODE SIZE        =     16    ----
   CONSTANT SIZE    =   ----    ----
   XDATA SIZE       =   ----    ----
   PDATA SIZE       =   ----    ----
   DATA SIZE        =   ----    ----
   IDATA SIZE       =   ----    ----
   BIT SIZE         =   ----    ----
END OF MODULE INFORMATION.


C51 COMPILATION COMPLETE.  0 WARNING(S),  0 ERROR(S)
