C51 COMPILER V9.59.0.0   COOL                                                              12/23/2018 13:48:58 PAGE 1   


C51 COMPILER V9.59.0.0, COMPILATION OF MODULE COOL
OBJECT MODULE PLACED IN .\output\cool.obj
COMPILER INVOKED BY: E:\MDK\C51\BIN\C51.EXE c\cool.c OPTIMIZE(8,SPEED) BROWSE NOINTPROMOTE INCDIR(.\h) DEBUG OBJECTEXTEN
                    -D PRINT(.\list\cool.lst) OBJECT(.\output\cool.obj)

line level    source

   1          #include "cool.h"
   2          
   3          void Cool_Init(void)
   4          {
   5   1         P16PM;
   6   1         P17PM;
   7   1         P10PM;
   8   1         COOL_SET(0);
   9   1         COOL_CONFIG_SET(0);
  10   1         HEATER_CONFIG_SET(0);
  11   1      }
  12          
  13          unsigned char Cool_Handle(unsigned char id,unsigned char status)
  14          {
  15   1          if(id > COOL_NUM)
  16   1                      return COOL_ERROR;
  17   1          if(id == 0)
  18   1          {
  19   2            if(status == 0)
  20   2            {
  21   3                 COOL_SET(status);
  22   3                 COOL_CONFIG_SET(status);
  23   3                 return COOL_SUCCESS;
  24   3            }
  25   2                else if(status == 1)
  26   2                {
  27   3                     COOL_SET(status);
  28   3                 COOL_CONFIG_SET(status);
  29   3                     return COOL_SUCCESS;
  30   3                }
  31   2                else 
  32   2                {
  33   3                     COOL_SET(0);
  34   3                 COOL_CONFIG_SET(0);
  35   3                     return COOL_ERROR;
  36   3                }
  37   2          }
  38   1              else if(id == 1)
  39   1              {
  40   2                if(status == 0)
  41   2                {
  42   3                     COOL_SET(status);
  43   3                         HEATER_CONFIG_SET(status);
  44   3                     return HEATER_SUCCESS;
  45   3                }
  46   2                else if(status == 1)
  47   2                {
  48   3                     COOL_SET(status);
  49   3                         HEATER_CONFIG_SET(status);
  50   3                     return HEATER_SUCCESS;  
  51   3                }
  52   2                else 
  53   2                {
  54   3                     COOL_SET(0);
C51 COMPILER V9.59.0.0   COOL                                                              12/23/2018 13:48:58 PAGE 2   

  55   3                         HEATER_CONFIG_SET(0);
  56   3                     return HEATER_ERROR;
  57   3                }
  58   2              }
  59   1              return COOL_ERROR;
  60   1      }


MODULE INFORMATION:   STATIC OVERLAYABLE
   CODE SIZE        =    166    ----
   CONSTANT SIZE    =   ----    ----
   XDATA SIZE       =   ----    ----
   PDATA SIZE       =   ----    ----
   DATA SIZE        =   ----    ----
   IDATA SIZE       =   ----    ----
   BIT SIZE         =   ----    ----
END OF MODULE INFORMATION.


C51 COMPILATION COMPLETE.  0 WARNING(S),  0 ERROR(S)
