C51 COMPILER V9.59.0.0   HEAT                                                              12/23/2018 13:48:58 PAGE 1   


C51 COMPILER V9.59.0.0, COMPILATION OF MODULE HEAT
OBJECT MODULE PLACED IN .\output\heat.obj
COMPILER INVOKED BY: E:\MDK\C51\BIN\C51.EXE c\heat.c OPTIMIZE(8,SPEED) BROWSE NOINTPROMOTE INCDIR(.\h) DEBUG OBJECTEXTEN
                    -D PRINT(.\list\heat.lst) OBJECT(.\output\heat.obj)

line level    source

   1          #include "heat.h"
   2          
   3          
   4          void Heat_Init(void)
   5          {
   6   1         P02PM;
   7   1         P03PM;
   8   1         HEAT1_CLOSE;
   9   1         HEAT2_CLOSE;
  10   1      }
  11          
  12          void  HEAT1_SET(void)
  13          {
  14   1         HEAT1_OPEN;
  15   1      }
  16          void  HEAT2_SET(void)
  17          {
  18   1         HEAT2_OPEN;
  19   1      }
  20          
  21          void  HEAT1_RESET(void)
  22          {
  23   1         HEAT1_CLOSE;
  24   1         
  25   1      }
  26          void  HEAT2_RESET(void)
  27          {
  28   1         HEAT2_CLOSE;
  29   1      }


MODULE INFORMATION:   STATIC OVERLAYABLE
   CODE SIZE        =     23    ----
   CONSTANT SIZE    =   ----    ----
   XDATA SIZE       =   ----    ----
   PDATA SIZE       =   ----    ----
   DATA SIZE        =   ----    ----
   IDATA SIZE       =   ----    ----
   BIT SIZE         =   ----    ----
END OF MODULE INFORMATION.


C51 COMPILATION COMPLETE.  0 WARNING(S),  0 ERROR(S)
