C51 COMPILER V9.59.0.0   LIGHT                                                             12/29/2018 09:20:54 PAGE 1   


C51 COMPILER V9.59.0.0, COMPILATION OF MODULE LIGHT
OBJECT MODULE PLACED IN .\output\light.obj
COMPILER INVOKED BY: E:\MDK\C51\BIN\C51.EXE c\light.c OPTIMIZE(8,SPEED) BROWSE NOINTPROMOTE INCDIR(.\h) DEBUG OBJECTEXTE
                    -ND PRINT(.\list\light.lst) OBJECT(.\output\light.obj)

line level    source

   1          #include "light.h"
   2          
   3          void LED_Init(void)
   4          {
   5   1        P00PM;
   6   1        P01PM;
   7   1        P05PM;
   8   1      }
   9          
  10          void FOOT_LED_SET(void)
  11          {
  12   1       FOOT_LED_OPEN;
  13   1      }
  14          
  15          void FOOT_LED_RESET(void)
  16          {
  17   1       FOOT_LED_CLOSE;
  18   1      }
  19          
  20          void CUP_LED_SET(void)
  21          {
  22   1       CUP_LED_OPEN;
  23   1      }
  24          
  25          void CUP_LED_RESET(void)
  26          {
  27   1       CUP_LED_CLOSE;
  28   1      }


MODULE INFORMATION:   STATIC OVERLAYABLE
   CODE SIZE        =     22    ----
   CONSTANT SIZE    =   ----    ----
   XDATA SIZE       =   ----    ----
   PDATA SIZE       =   ----    ----
   DATA SIZE        =   ----    ----
   IDATA SIZE       =   ----    ----
   BIT SIZE         =   ----    ----
END OF MODULE INFORMATION.


C51 COMPILATION COMPLETE.  0 WARNING(S),  0 ERROR(S)
