C51 COMPILER V9.59.0.0   PUSH                                                              12/23/2018 13:48:58 PAGE 1   


C51 COMPILER V9.59.0.0, COMPILATION OF MODULE PUSH
OBJECT MODULE PLACED IN .\output\push.obj
COMPILER INVOKED BY: E:\MDK\C51\BIN\C51.EXE c\push.c OPTIMIZE(8,SPEED) BROWSE NOINTPROMOTE INCDIR(.\h) DEBUG OBJECTEXTEN
                    -D PRINT(.\list\push.lst) OBJECT(.\output\push.obj)

line level    source

   1          #include "push.h"
   2          
   3          
   4          void Push_Init(void)
   5          {
   6   1        P20PM;
   7   1        P21PM;
   8   1        P24PM;
   9   1        P25PM;
  10   1      }
  11            
  12          void PushA1_Open(void)
  13          {
  14   1        IO_PUSHA1_OPEN;
  15   1      }
  16          
  17          void PushA2_Close(void)
  18          {
  19   1        IO_PUSHA2_CLOSE;
  20   1      }
  21          
  22          void PushA1_Stop(void)
  23          {
  24   1        IO_PUSHA1_STOP;
  25   1      }
  26          
  27          void PushA2_Stop(void)
  28          {
  29   1        IO_PUSHA2_STOP;
  30   1      }
  31          
  32          void PushB1_Open(void)
  33          {
  34   1      
  35   1        IO_PUSHB1_OPEN;
  36   1      }
  37          
  38          void PushB2_Close(void)
  39          {
  40   1        IO_PUSHB2_CLOSE;
  41   1      }
  42          
  43          void PushB1_Stop(void)
  44          {
  45   1        IO_PUSHB1_STOP;
  46   1      }
  47          
  48          void PushB2_Stop(void)
  49          {
  50   1        IO_PUSHB2_STOP;
  51   1      }
  52          
  53          
  54          
C51 COMPILER V9.59.0.0   PUSH                                                              12/23/2018 13:48:58 PAGE 2   



MODULE INFORMATION:   STATIC OVERLAYABLE
   CODE SIZE        =     37    ----
   CONSTANT SIZE    =   ----    ----
   XDATA SIZE       =   ----    ----
   PDATA SIZE       =   ----    ----
   DATA SIZE        =   ----    ----
   IDATA SIZE       =   ----    ----
   BIT SIZE         =   ----    ----
END OF MODULE INFORMATION.


C51 COMPILATION COMPLETE.  0 WARNING(S),  0 ERROR(S)
