C51 COMPILER V9.59.0.0   TIME1                                                             12/23/2018 13:48:58 PAGE 1   


C51 COMPILER V9.59.0.0, COMPILATION OF MODULE TIME1
OBJECT MODULE PLACED IN .\output\time1.obj
COMPILER INVOKED BY: E:\MDK\C51\BIN\C51.EXE c\time1.c OPTIMIZE(8,SPEED) BROWSE NOINTPROMOTE INCDIR(.\h) DEBUG OBJECTEXTE
                    -ND PRINT(.\list\time1.lst) OBJECT(.\output\time1.obj)

line level    source

   1          #include "time1.h"
   2          
   3          
   4          void Time1_Init(void)
   5          {
   6   1              TMCON=0x07;                                                     //------111 ;Timer0、Tiemr1和Tiemr2选择时钟Fsys
   7   1              TMOD=0x11;                                              //0001 0001  ;Timer0和Timer1设置工作方式1       
   8   1      //T1设置        
   9   1              TH1=(65536 - 3000)/256;               //如果主频为24M和时钟Fsys则24M*24000=1ms;
  10   1              TL1=(65536 - 3000)%256;
  11   1              TR1=0;
  12   1              ET1=1;
  13   1              TR1=1;
  14   1              EA=1;
  15   1      }


MODULE INFORMATION:   STATIC OVERLAYABLE
   CODE SIZE        =     21    ----
   CONSTANT SIZE    =   ----    ----
   XDATA SIZE       =   ----    ----
   PDATA SIZE       =   ----    ----
   DATA SIZE        =   ----    ----
   IDATA SIZE       =   ----    ----
   BIT SIZE         =   ----    ----
END OF MODULE INFORMATION.


C51 COMPILATION COMPLETE.  0 WARNING(S),  0 ERROR(S)
