C51 COMPILER V9.59.0.0   TIMEOUT                                                           12/13/2018 09:37:03 PAGE 1   


C51 COMPILER V9.59.0.0, COMPILATION OF MODULE TIMEOUT
OBJECT MODULE PLACED IN .\output\TimeOut.obj
COMPILER INVOKED BY: E:\MDK\C51\BIN\C51.EXE c\TimeOut.c OPTIMIZE(8,SPEED) BROWSE NOINTPROMOTE INCDIR(.\h) DEBUG OBJECTEX
                    -TEND PRINT(.\list\TimeOut.lst) OBJECT(.\output\TimeOut.obj)

line level    source

   1          #include "TimeOut.h"
   2          
   3          
   4          volatile clock_time_t InsBaseNum=0;
   5          
   6          void TimeOutDet_Init(void)
   7          {
   8   1              InsBaseNum=0;
   9   1      }
  10          
  11          
  12          void TimeOutDet_DecHandle(void)
  13          {
  14   1              InsBaseNum++;
  15   1      }
  16          
  17          clock_time_t TimeOut_BaseValue(void)
  18          {
  19   1              return InsBaseNum;
  20   1      }
  21          
  22          
  23          //void TimeOut_Record(TIMEOUT_PARA * TimeOutPara,unsigned int timeoutvalue)
  24          void TimeOut_Record(TIMEOUT_PARA * TimeOutPara,clock_time_t timeoutvalue)
  25          
  26          {
  27   1              TimeOutPara->RecordValue=TimeOut_BaseValue();
  28   1              TimeOutPara->timeoutcnt=timeoutvalue;
  29   1      }
  30          
  31          
  32          void TimeOut_restart(TIMEOUT_PARA *TimeOutPara)
  33          {       
  34   1              TimeOutPara->RecordValue = TimeOut_BaseValue();
  35   1      }
  36          
  37          clock_time_t TimeOutDet_Check(TIMEOUT_PARA * TimeOutPara)
  38          {
  39   1              return (((clock_time_t)(InsBaseNum-TimeOutPara->RecordValue)>=TimeOutPara->timeoutcnt)?1:0);
  40   1      }
  41          
  42          


MODULE INFORMATION:   STATIC OVERLAYABLE
   CODE SIZE        =    127    ----
   CONSTANT SIZE    =   ----    ----
   XDATA SIZE       =   ----    ----
   PDATA SIZE       =   ----    ----
   DATA SIZE        =      4       7
   IDATA SIZE       =   ----    ----
   BIT SIZE         =   ----    ----
END OF MODULE INFORMATION.


C51 COMPILATION COMPLETE.  0 WARNING(S),  0 ERROR(S)
